<?xml version="1.0" encoding="UTF-8"?>
<!-- Generated by org.testng.reporters.JUnitXMLReporter -->
<testsuite hostname="LakshmiPrasadPC" name="Test" tests="4" failures="0" timestamp="10 May 2019 08:28:30 GMT" time="80.777" errors="0">
  <testcase name="basePageNavigation" time="31.68" classname="Academyyy.MySampleProject.HomePage"/>
  <testcase name="basePageNavigation" time="19.095" classname="Academyyy.MySampleProject.HomePage"/>
  <testcase name="basePageNavigation" time="0.099" classname="Academyyy.MySampleProject.ValidateTitle"/>
  <testcase name="basePageNavigation" time="0.091" classname="Academyyy.MySampleProject.ValidateNavigation"/>
</testsuite> <!-- Test -->
