<?xml version="1.0" encoding="UTF-8"?>
<testng-results skipped="0" failed="0" total="4" passed="4">
  <reporter-output>
  </reporter-output>
  <suite name="Suite" duration-ms="80777" started-at="2019-05-10T08:27:10Z" finished-at="2019-05-10T08:28:30Z">
    <groups>
    </groups>
    <test name="Test" duration-ms="80777" started-at="2019-05-10T08:27:10Z" finished-at="2019-05-10T08:28:30Z">
      <class name="Academyyy.MySampleProject.ValidateTitle">
        <test-method status="PASS" signature="basePageNavigation()[pri:0, instance:Academyyy.MySampleProject.ValidateTitle@28d25987]" name="basePageNavigation" duration-ms="99" started-at="2019-05-10T13:58:24Z" finished-at="2019-05-10T13:58:24Z">
          <reporter-output>
          </reporter-output>
        </test-method> <!-- basePageNavigation -->
      </class> <!-- Academyyy.MySampleProject.ValidateTitle -->
      <class name="Academyyy.MySampleProject.ValidateNavigation">
        <test-method status="PASS" signature="basePageNavigation()[pri:0, instance:Academyyy.MySampleProject.ValidateNavigation@39aeed2f]" name="basePageNavigation" duration-ms="91" started-at="2019-05-10T13:58:24Z" finished-at="2019-05-10T13:58:24Z">
          <reporter-output>
          </reporter-output>
        </test-method> <!-- basePageNavigation -->
      </class> <!-- Academyyy.MySampleProject.ValidateNavigation -->
      <class name="Academyyy.MySampleProject.HomePage">
        <test-method status="PASS" signature="initialise()[pri:0, instance:Academyyy.MySampleProject.HomePage@59fa1d9b]" name="initialise" is-config="true" duration-ms="6002" started-at="2019-05-10T13:57:10Z" finished-at="2019-05-10T13:57:16Z">
          <reporter-output>
          </reporter-output>
        </test-method> <!-- initialise -->
        <test-method status="PASS" signature="initialise()[pri:0, instance:Academyyy.MySampleProject.ValidateNavigation@39aeed2f]" name="initialise" is-config="true" duration-ms="7646" started-at="2019-05-10T13:57:16Z" finished-at="2019-05-10T13:57:23Z">
          <reporter-output>
          </reporter-output>
        </test-method> <!-- initialise -->
        <test-method status="PASS" signature="initialise()[pri:0, instance:Academyyy.MySampleProject.ValidateTitle@28d25987]" name="initialise" is-config="true" duration-ms="9681" started-at="2019-05-10T13:57:23Z" finished-at="2019-05-10T13:57:33Z">
          <reporter-output>
          </reporter-output>
        </test-method> <!-- initialise -->
        <test-method status="PASS" signature="basePageNavigation(java.lang.String, java.lang.String, java.lang.String)[pri:0, instance:Academyyy.MySampleProject.HomePage@59fa1d9b]" name="basePageNavigation" duration-ms="31680" started-at="2019-05-10T13:57:33Z" data-provider="getData" finished-at="2019-05-10T13:58:05Z">
          <params>
            <param index="0">
              <value>
                <![CDATA[nonrestricted@gmail.com]]>
              </value>
            </param>
            <param index="1">
              <value>
                <![CDATA[35678858]]>
              </value>
            </param>
            <param index="2">
              <value>
                <![CDATA[ehry]]>
              </value>
            </param>
          </params>
          <reporter-output>
          </reporter-output>
        </test-method> <!-- basePageNavigation -->
        <test-method status="PASS" signature="basePageNavigation(java.lang.String, java.lang.String, java.lang.String)[pri:0, instance:Academyyy.MySampleProject.HomePage@59fa1d9b]" name="basePageNavigation" duration-ms="19095" started-at="2019-05-10T13:58:05Z" data-provider="getData" finished-at="2019-05-10T13:58:24Z">
          <params>
            <param index="0">
              <value>
                <![CDATA[restricted@gmail.com]]>
              </value>
            </param>
            <param index="1">
              <value>
                <![CDATA[35678858gnhmmrjjgrhtr]]>
              </value>
            </param>
            <param index="2">
              <value>
                <![CDATA[ehryhhjrgfn]]>
              </value>
            </param>
          </params>
          <reporter-output>
          </reporter-output>
        </test-method> <!-- basePageNavigation -->
        <test-method status="PASS" signature="tearDown()[pri:0, instance:Academyyy.MySampleProject.HomePage@59fa1d9b]" name="tearDown" is-config="true" duration-ms="2065" started-at="2019-05-10T13:58:24Z" finished-at="2019-05-10T13:58:26Z">
          <reporter-output>
          </reporter-output>
        </test-method> <!-- tearDown -->
        <test-method status="PASS" signature="tearDown()[pri:0, instance:Academyyy.MySampleProject.ValidateNavigation@39aeed2f]" name="tearDown" is-config="true" duration-ms="2316" started-at="2019-05-10T13:58:26Z" finished-at="2019-05-10T13:58:28Z">
          <reporter-output>
          </reporter-output>
        </test-method> <!-- tearDown -->
        <test-method status="PASS" signature="tearDown()[pri:0, instance:Academyyy.MySampleProject.ValidateTitle@28d25987]" name="tearDown" is-config="true" duration-ms="2070" started-at="2019-05-10T13:58:28Z" finished-at="2019-05-10T13:58:30Z">
          <reporter-output>
          </reporter-output>
        </test-method> <!-- tearDown -->
      </class> <!-- Academyyy.MySampleProject.HomePage -->
    </test> <!-- Test -->
  </suite> <!-- Suite -->
</testng-results>
