<?xml version="1.0" encoding="UTF-8"?>
<testng-results skipped="0" failed="0" total="2" passed="2">
  <reporter-output>
  </reporter-output>
  <suite name="Default suite" duration-ms="53896" started-at="2019-05-09T12:11:36Z" finished-at="2019-05-09T12:12:30Z">
    <groups>
    </groups>
    <test name="Default test" duration-ms="53896" started-at="2019-05-09T12:11:36Z" finished-at="2019-05-09T12:12:30Z">
      <class name="Academyyy.MySampleProject.HomePage">
        <test-method status="PASS" signature="basePageNavigation(java.lang.String, java.lang.String, java.lang.String)[pri:0, instance:Academyyy.MySampleProject.HomePage@23ceabc1]" name="basePageNavigation" duration-ms="22465" started-at="2019-05-09T17:41:36Z" data-provider="getData" finished-at="2019-05-09T17:41:58Z">
          <params>
            <param index="0">
              <value>
                <![CDATA[nonrestricted@gmail.com]]>
              </value>
            </param>
            <param index="1">
              <value>
                <![CDATA[35678858]]>
              </value>
            </param>
            <param index="2">
              <value>
                <![CDATA[ehry]]>
              </value>
            </param>
          </params>
          <reporter-output>
          </reporter-output>
        </test-method> <!-- basePageNavigation -->
        <test-method status="PASS" signature="basePageNavigation(java.lang.String, java.lang.String, java.lang.String)[pri:0, instance:Academyyy.MySampleProject.HomePage@23ceabc1]" name="basePageNavigation" duration-ms="31403" started-at="2019-05-09T17:41:58Z" data-provider="getData" finished-at="2019-05-09T17:42:30Z">
          <params>
            <param index="0">
              <value>
                <![CDATA[restricted@gmail.com]]>
              </value>
            </param>
            <param index="1">
              <value>
                <![CDATA[35678858gnhmmrjjgrhtr]]>
              </value>
            </param>
            <param index="2">
              <value>
                <![CDATA[ehryhhjrgfn]]>
              </value>
            </param>
          </params>
          <reporter-output>
          </reporter-output>
        </test-method> <!-- basePageNavigation -->
      </class> <!-- Academyyy.MySampleProject.HomePage -->
    </test> <!-- Default test -->
  </suite> <!-- Default suite -->
</testng-results>
